[2023-02-22T20:48:35.240+0000] {manager.py:483} INFO - Processing files using up to 2 processes at a time 
[2023-02-22T20:48:35.242+0000] {manager.py:484} INFO - Process each file at most once every 30 seconds
[2023-02-22T20:48:35.244+0000] {manager.py:486} INFO - Checking for new files in /opt/airflow/dags every 300 seconds
[2023-02-22T20:48:35.247+0000] {manager.py:726} INFO - Searching for files in /opt/airflow/dags
[2023-02-22T20:48:35.257+0000] {manager.py:729} INFO - There are 1 files in /opt/airflow/dags
[2023-02-22T20:48:35.344+0000] {manager.py:854} INFO - 
================================================================================
DAG File Processing Stats

File Path                    PID  Runtime      # DAGs    # Errors  Last Runtime    Last Run
-------------------------  -----  ---------  --------  ----------  --------------  ----------
/opt/airflow/dags/file.py     34  0.05s             0           0
================================================================================
[2023-02-22T20:49:05.564+0000] {manager.py:854} INFO - 
================================================================================
DAG File Processing Stats

File Path                  PID    Runtime      # DAGs    # Errors  Last Runtime    Last Run
-------------------------  -----  ---------  --------  ----------  --------------  -------------------
/opt/airflow/dags/file.py                           1           0  0.45s           2023-02-22T20:48:35
================================================================================
[2023-02-22T20:49:12.772+0000] {manager.py:465} INFO - Exiting gracefully upon receiving signal 15
